<?xml version="1.0" encoding="UTF-8"?>
<testng-results ignored="0" total="1" passed="1" failed="0" skipped="0">
  <reporter-output>
  </reporter-output>
  <suite started-at="2023-02-07T10:31:05 EST" name="Default suite" finished-at="2023-02-07T10:31:18 EST" duration-ms="13050">
    <groups>
    </groups>
    <test started-at="2023-02-07T10:31:05 EST" name="Default test" finished-at="2023-02-07T10:31:18 EST" duration-ms="13050">
      <class name="test.AddCustomerTest">
        <test-method signature="validUserShouldBeAbleToLogin()[pri:0, instance:test.AddCustomerTest@156b88f5]" started-at="2023-02-07T10:31:05 EST" name="validUserShouldBeAbleToLogin" finished-at="2023-02-07T10:31:18 EST" duration-ms="12990" status="PASS">
          <reporter-output>
          </reporter-output>
        </test-method> <!-- validUserShouldBeAbleToLogin -->
      </class> <!-- test.AddCustomerTest -->
    </test> <!-- Default test -->
  </suite> <!-- Default suite -->
</testng-results>
